{"C:\\laragon\\www\\opescare\\sdk\\typescript\\src\\errors\\index.ts": {"path":"C:\\laragon\\www\\opescare\\sdk\\typescript\\src\\errors\\index.ts","statementMap":{"0":{"start":{"line":7,"column":4},"end":{"line":7,"column":19}},"1":{"start":{"line":4,"column":20},"end":{"line":4,"column":41}},"2":{"start":{"line":5,"column":20},"end":{"line":5,"column":58}},"3":{"start":{"line":8,"column":4},"end":{"line":8,"column":38}},"4":{"start":{"line":9,"column":4},"end":{"line":9,"column":54}},"5":{"start":{"line":1,"column":0},"end":{"line":1,"column":13}},"6":{"start":{"line":13,"column":0},"end":{"line":13,"column":13}},"7":{"start":{"line":14,"column":0},"end":{"line":14,"column":13}},"8":{"start":{"line":15,"column":0},"end":{"line":15,"column":13}},"9":{"start":{"line":16,"column":0},"end":{"line":16,"column":13}},"10":{"start":{"line":17,"column":0},"end":{"line":17,"column":13}},"11":{"start":{"line":18,"column":0},"end":{"line":18,"column":13}},"12":{"start":{"line":19,"column":0},"end":{"line":19,"column":13}},"13":{"start":{"line":20,"column":0},"end":{"line":20,"column":13}},"14":{"start":{"line":28,"column":4},"end":{"line":28,"column":38}},"15":{"start":{"line":25,"column":20},"end":{"line":25,"column":41}},"16":{"start":{"line":22,"column":0},"end":{"line":22,"column":13}}},"fnMap":{"0":{"name":"(anonymous_0)","decl":{"start":{"line":2,"column":2},"end":{"line":2,"column":null}},"loc":{"start":{"line":5,"column":58},"end":{"line":10,"column":3}}},"1":{"name":"(anonymous_1)","decl":{"start":{"line":23,"column":2},"end":{"line":23,"column":null}},"loc":{"start":{"line":26,"column":42},"end":{"line":29,"column":3}}}},"branchMap":{"0":{"loc":{"start":{"line":4,"column":20},"end":{"line":4,"column":42}},"type":"default-arg","locations":[{"start":{"line":4,"column":41},"end":{"line":4,"column":42}}]},"1":{"loc":{"start":{"line":25,"column":20},"end":{"line":25,"column":43}},"type":"default-arg","locations":[{"start":{"line":25,"column":41},"end":{"line":25,"column":43}}]}},"s":{"0":11,"1":11,"2":11,"3":11,"4":11,"5":2,"6":2,"7":2,"8":2,"9":2,"10":2,"11":2,"12":2,"13":2,"14":2,"15":2,"16":2},"f":{"0":11,"1":2},"b":{"0":[8],"1":[0]}}
,"C:\\laragon\\www\\opescare\\sdk\\typescript\\src\\modules\\Webhooks.ts": {"path":"C:\\laragon\\www\\opescare\\sdk\\typescript\\src\\modules\\Webhooks.ts","statementMap":{"0":{"start":{"line":1,"column":0},"end":{"line":1,"column":53}},"1":{"start":{"line":3,"column":0},"end":{"line":3,"column":50}},"2":{"start":{"line":5,"column":28},"end":{"line":5,"column":31}},"3":{"start":{"line":17,"column":31},"end":{"line":17,"column":48}},"4":{"start":{"line":20,"column":4},"end":{"line":24,"column":7}},"5":{"start":{"line":28,"column":4},"end":{"line":28,"column":80}},"6":{"start":{"line":40,"column":42},"end":{"line":40,"column":44}},"7":{"start":{"line":41,"column":4},"end":{"line":44,"column":5}},"8":{"start":{"line":42,"column":21},"end":{"line":42,"column":42}},"9":{"start":{"line":43,"column":6},"end":{"line":43,"column":45}},"10":{"start":{"line":43,"column":32},"end":{"line":43,"column":45}},"11":{"start":{"line":46,"column":4},"end":{"line":48,"column":5}},"12":{"start":{"line":47,"column":6},"end":{"line":47,"column":103}},"13":{"start":{"line":50,"column":22},"end":{"line":50,"column":46}},"14":{"start":{"line":51,"column":22},"end":{"line":51,"column":33}},"15":{"start":{"line":53,"column":16},"end":{"line":53,"column":67}},"16":{"start":{"line":54,"column":4},"end":{"line":58,"column":5}},"17":{"start":{"line":55,"column":6},"end":{"line":57,"column":8}},"18":{"start":{"line":60,"column":26},"end":{"line":60,"column":54}},"19":{"start":{"line":61,"column":26},"end":{"line":61,"column":90}},"20":{"start":{"line":63,"column":24},"end":{"line":63,"column":52}},"21":{"start":{"line":64,"column":24},"end":{"line":64,"column":53}},"22":{"start":{"line":66,"column":4},"end":{"line":68,"column":5}},"23":{"start":{"line":67,"column":6},"end":{"line":67,"column":112}},"24":{"start":{"line":73,"column":4},"end":{"line":77,"column":5}},"25":{"start":{"line":74,"column":6},"end":{"line":74,"column":37}},"26":{"start":{"line":76,"column":6},"end":{"line":76,"column":60}},"27":{"start":{"line":78,"column":4},"end":{"line":80,"column":5}},"28":{"start":{"line":79,"column":6},"end":{"line":79,"column":72}},"29":{"start":{"line":81,"column":4},"end":{"line":81,"column":33}},"30":{"start":{"line":16,"column":0},"end":{"line":16,"column":13}}},"fnMap":{"0":{"name":"(anonymous_0)","decl":{"start":{"line":17,"column":2},"end":{"line":17,"column":31}},"loc":{"start":{"line":17,"column":48},"end":{"line":17,"column":52}}},"1":{"name":"(anonymous_1)","decl":{"start":{"line":19,"column":2},"end":{"line":19,"column":11}},"loc":{"start":{"line":19,"column":67},"end":{"line":25,"column":3}}},"2":{"name":"(anonymous_2)","decl":{"start":{"line":27,"column":2},"end":{"line":27,"column":8}},"loc":{"start":{"line":27,"column":24},"end":{"line":29,"column":3}}},"3":{"name":"(anonymous_3)","decl":{"start":{"line":39,"column":2},"end":{"line":39,"column":17}},"loc":{"start":{"line":39,"column":77},"end":{"line":69,"column":3}}},"4":{"name":"(anonymous_4)","decl":{"start":{"line":71,"column":2},"end":{"line":71,"column":12}},"loc":{"start":{"line":71,"column":31},"end":{"line":82,"column":3}}}},"branchMap":{"0":{"loc":{"start":{"line":19,"column":51},"end":{"line":19,"column":67}},"type":"default-arg","locations":[{"start":{"line":19,"column":65},"end":{"line":19,"column":67}}]},"1":{"loc":{"start":{"line":43,"column":6},"end":{"line":43,"column":45}},"type":"if","locations":[{"start":{"line":43,"column":6},"end":{"line":43,"column":45}}]},"2":{"loc":{"start":{"line":43,"column":10},"end":{"line":43,"column":30}},"type":"binary-expr","locations":[{"start":{"line":43,"column":10},"end":{"line":43,"column":11}},{"start":{"line":43,"column":15},"end":{"line":43,"column":30}}]},"3":{"loc":{"start":{"line":46,"column":4},"end":{"line":48,"column":5}},"type":"if","locations":[{"start":{"line":46,"column":4},"end":{"line":48,"column":5}}]},"4":{"loc":{"start":{"line":46,"column":8},"end":{"line":46,"column":35}},"type":"binary-expr","locations":[{"start":{"line":46,"column":8},"end":{"line":46,"column":19}},{"start":{"line":46,"column":23},"end":{"line":46,"column":35}}]},"5":{"loc":{"start":{"line":54,"column":4},"end":{"line":58,"column":5}},"type":"if","locations":[{"start":{"line":54,"column":4},"end":{"line":58,"column":5}}]},"6":{"loc":{"start":{"line":66,"column":4},"end":{"line":68,"column":5}},"type":"if","locations":[{"start":{"line":66,"column":4},"end":{"line":68,"column":5}}]},"7":{"loc":{"start":{"line":66,"column":8},"end":{"line":66,"column":95}},"type":"binary-expr","locations":[{"start":{"line":66,"column":8},"end":{"line":66,"column":49}},{"start":{"line":66,"column":53},"end":{"line":66,"column":95}}]},"8":{"loc":{"start":{"line":78,"column":4},"end":{"line":80,"column":5}},"type":"if","locations":[{"start":{"line":78,"column":4},"end":{"line":80,"column":5}}]},"9":{"loc":{"start":{"line":78,"column":8},"end":{"line":78,"column":65}},"type":"binary-expr","locations":[{"start":{"line":78,"column":8},"end":{"line":78,"column":14}},{"start":{"line":78,"column":18},"end":{"line":78,"column":43}},{"start":{"line":78,"column":47},"end":{"line":78,"column":65}}]}},"s":{"0":1,"1":1,"2":1,"3":2,"4":0,"5":0,"6":5,"7":5,"8":9,"9":9,"10":8,"11":5,"12":1,"13":4,"14":4,"15":4,"16":4,"17":1,"18":3,"19":3,"20":3,"21":3,"22":3,"23":2,"24":3,"25":3,"26":1,"27":2,"28":1,"29":1,"30":1},"f":{"0":2,"1":0,"2":0,"3":5,"4":3},"b":{"0":[0],"1":[8],"2":[9,9],"3":[1],"4":[5,4],"5":[1],"6":[2],"7":[3,3],"8":[1],"9":[2,2,2]}}
}
