TN:
SF:src\errors\index.ts
FN:2,(anonymous_0)
FN:23,(anonymous_1)
FNF:2
FNH:2
FNDA:11,(anonymous_0)
FNDA:2,(anonymous_1)
DA:1,2
DA:4,11
DA:5,11
DA:7,11
DA:8,11
DA:9,11
DA:13,2
DA:14,2
DA:15,2
DA:16,2
DA:17,2
DA:18,2
DA:19,2
DA:20,2
DA:22,2
DA:25,2
DA:28,2
LF:17
LH:17
BRDA:4,0,0,8
BRDA:25,1,0,0
BRF:2
BRH:1
end_of_record
TN:
SF:src\modules\Webhooks.ts
FN:17,(anonymous_0)
FN:19,(anonymous_1)
FN:27,(anonymous_2)
FN:39,(anonymous_3)
FN:71,(anonymous_4)
FNF:5
FNH:3
FNDA:2,(anonymous_0)
FNDA:0,(anonymous_1)
FNDA:0,(anonymous_2)
FNDA:5,(anonymous_3)
FNDA:3,(anonymous_4)
DA:1,1
DA:3,1
DA:5,1
DA:16,1
DA:17,2
DA:20,0
DA:28,0
DA:40,5
DA:41,5
DA:42,9
DA:43,9
DA:46,5
DA:47,1
DA:50,4
DA:51,4
DA:53,4
DA:54,4
DA:55,1
DA:60,3
DA:61,3
DA:63,3
DA:64,3
DA:66,3
DA:67,2
DA:73,3
DA:74,3
DA:76,1
DA:78,2
DA:79,1
DA:81,1
LF:30
LH:28
BRDA:19,0,0,0
BRDA:43,1,0,8
BRDA:43,2,0,9
BRDA:43,2,1,9
BRDA:46,3,0,1
BRDA:46,4,0,5
BRDA:46,4,1,4
BRDA:54,5,0,1
BRDA:66,6,0,2
BRDA:66,7,0,3
BRDA:66,7,1,3
BRDA:78,8,0,1
BRDA:78,9,0,2
BRDA:78,9,1,2
BRDA:78,9,2,2
BRF:15
BRH:14
end_of_record
